TN:
SF:server.js
FN:30,(anonymous_0)
FN:41,initDatabase
FN:123,getCart
FN:128,(anonymous_3)
FN:132,(anonymous_4)
FN:137,(anonymous_5)
FN:138,(anonymous_6)
FN:143,(anonymous_7)
FN:144,(anonymous_8)
FN:148,(anonymous_9)
FN:170,(anonymous_10)
FN:172,(anonymous_11)
FN:174,(anonymous_12)
FN:179,(anonymous_13)
FN:181,(anonymous_14)
FN:185,(anonymous_15)
FN:194,(anonymous_16)
FN:197,(anonymous_17)
FN:206,(anonymous_18)
FN:208,(anonymous_19)
FN:215,(anonymous_20)
FN:220,(anonymous_21)
FN:232,(anonymous_22)
FN:233,(anonymous_23)
FN:255,(anonymous_24)
FN:259,(anonymous_25)
FN:268,(anonymous_26)
FN:275,(anonymous_27)
FN:279,(anonymous_28)
FN:301,(anonymous_29)
FN:304,(anonymous_30)
FN:314,(anonymous_31)
FN:319,(anonymous_32)
FN:334,(anonymous_33)
FN:341,(anonymous_34)
FN:357,(anonymous_35)
FN:362,(anonymous_36)
FN:371,(anonymous_37)
FNF:38
FNH:35
FNDA:2,(anonymous_0)
FNDA:0,initDatabase
FNDA:17,getCart
FNDA:4,(anonymous_3)
FNDA:12,(anonymous_4)
FNDA:4,(anonymous_5)
FNDA:14,(anonymous_6)
FNDA:1,(anonymous_7)
FNDA:1,(anonymous_8)
FNDA:3,(anonymous_9)
FNDA:3,(anonymous_10)
FNDA:1,(anonymous_11)
FNDA:1,(anonymous_12)
FNDA:7,(anonymous_13)
FNDA:7,(anonymous_14)
FNDA:0,(anonymous_15)
FNDA:2,(anonymous_16)
FNDA:1,(anonymous_17)
FNDA:2,(anonymous_18)
FNDA:1,(anonymous_19)
FNDA:1,(anonymous_20)
FNDA:3,(anonymous_21)
FNDA:2,(anonymous_22)
FNDA:2,(anonymous_23)
FNDA:1,(anonymous_24)
FNDA:2,(anonymous_25)
FNDA:12,(anonymous_26)
FNDA:2,(anonymous_27)
FNDA:1,(anonymous_28)
FNDA:3,(anonymous_29)
FNDA:2,(anonymous_30)
FNDA:3,(anonymous_31)
FNDA:1,(anonymous_32)
FNDA:2,(anonymous_33)
FNDA:1,(anonymous_34)
FNDA:1,(anonymous_35)
FNDA:33,(anonymous_36)
FNDA:0,(anonymous_37)
DA:1,2
DA:2,2
DA:3,2
DA:4,2
DA:5,2
DA:6,2
DA:7,2
DA:9,2
DA:10,2
DA:12,2
DA:13,2
DA:14,2
DA:15,2
DA:22,2
DA:29,2
DA:30,2
DA:31,2
DA:32,2
DA:33,2
DA:34,2
DA:36,0
DA:37,0
DA:38,0
DA:42,0
DA:56,0
DA:69,0
DA:83,0
DA:100,2
DA:101,2
DA:109,2
DA:110,2
DA:111,2
DA:112,2
DA:113,2
DA:115,2
DA:124,17
DA:125,17
DA:128,2
DA:129,4
DA:130,4
DA:131,4
DA:132,12
DA:134,4
DA:137,2
DA:138,14
DA:139,4
DA:140,2
DA:143,2
DA:144,1
DA:145,1
DA:148,2
DA:149,3
DA:150,3
DA:151,3
DA:153,3
DA:154,2
DA:156,2
DA:166,2
DA:167,2
DA:170,2
DA:171,3
DA:172,3
DA:174,1
DA:176,3
DA:179,2
DA:180,7
DA:181,7
DA:182,7
DA:184,7
DA:185,7
DA:186,7
DA:187,0
DA:189,7
DA:191,7
DA:194,2
DA:195,2
DA:196,2
DA:197,2
DA:198,2
DA:199,1
DA:200,1
DA:202,1
DA:206,2
DA:207,2
DA:208,2
DA:209,2
DA:210,1
DA:212,2
DA:215,2
DA:216,1
DA:217,1
DA:220,2
DA:221,3
DA:222,3
DA:223,3
DA:225,3
DA:226,0
DA:228,3
DA:229,1
DA:232,2
DA:233,2
DA:234,2
DA:237,2
DA:250,2
DA:251,2
DA:252,2
DA:255,2
DA:256,1
DA:259,2
DA:260,2
DA:261,1
DA:262,1
DA:264,1
DA:268,2
DA:269,12
DA:271,12
DA:272,0
DA:275,12
DA:276,1
DA:279,11
DA:280,1
DA:283,10
DA:295,10
DA:296,10
DA:297,10
DA:298,10
DA:301,2
DA:302,3
DA:304,3
DA:305,3
DA:306,1
DA:309,2
DA:310,2
DA:311,2
DA:314,2
DA:315,3
DA:317,3
DA:319,2
DA:320,2
DA:321,1
DA:324,1
DA:325,1
DA:326,1
DA:328,1
DA:329,1
DA:331,1
DA:334,2
DA:335,2
DA:337,2
DA:338,0
DA:341,2
DA:342,2
DA:343,1
DA:346,1
DA:347,0
DA:350,1
DA:351,1
DA:352,1
DA:354,1
DA:357,2
DA:358,1
DA:359,1
DA:362,2
DA:363,33
DA:364,33
DA:365,33
DA:366,33
DA:367,33
DA:370,2
DA:371,0
DA:372,0
DA:376,2
LF:172
LH:158
BRDA:31,0,0,2
BRDA:31,0,1,0
BRDA:124,1,0,10
BRDA:124,1,1,7
BRDA:131,2,0,2
BRDA:131,2,1,2
BRDA:131,3,0,4
BRDA:131,3,1,2
BRDA:139,4,0,2
BRDA:139,4,1,2
BRDA:153,5,0,1
BRDA:153,5,1,2
BRDA:154,6,0,0
BRDA:154,6,1,2
BRDA:154,7,0,2
BRDA:154,7,1,2
BRDA:161,8,0,2
BRDA:161,8,1,0
BRDA:180,9,0,0
BRDA:182,10,0,0
BRDA:182,10,1,7
BRDA:186,11,0,0
BRDA:186,11,1,7
BRDA:198,12,0,1
BRDA:198,12,1,1
BRDA:209,13,0,1
BRDA:209,13,1,1
BRDA:225,14,0,0
BRDA:225,14,1,3
BRDA:225,15,0,3
BRDA:225,15,1,3
BRDA:225,15,2,3
BRDA:228,16,0,1
BRDA:228,16,1,2
BRDA:234,17,0,2
BRDA:234,17,1,0
BRDA:260,18,0,1
BRDA:260,18,1,1
BRDA:271,19,0,0
BRDA:271,19,1,12
BRDA:271,20,0,12
BRDA:271,20,1,12
BRDA:271,20,2,12
BRDA:275,21,0,1
BRDA:275,21,1,11
BRDA:279,22,0,1
BRDA:279,22,1,10
BRDA:288,23,0,10
BRDA:288,23,1,9
BRDA:304,24,0,2
BRDA:304,24,1,2
BRDA:305,25,0,1
BRDA:305,25,1,2
BRDA:317,26,0,1
BRDA:317,26,1,2
BRDA:320,27,0,1
BRDA:320,27,1,1
BRDA:337,28,0,0
BRDA:337,28,1,2
BRDA:337,29,0,2
BRDA:337,29,1,2
BRDA:342,30,0,1
BRDA:342,30,1,1
BRDA:346,31,0,0
BRDA:346,31,1,1
BRDA:370,32,0,0
BRDA:370,32,1,2
BRF:67
BRH:55
end_of_record
TN:
SF:public\app.js
FN:8,fetchProducts
FN:17,fetchCart
FN:24,renderProducts
FN:27,(anonymous_3)
FN:41,(anonymous_4)
FN:42,(anonymous_5)
FN:45,(anonymous_6)
FN:46,(anonymous_7)
FN:50,renderCart
FN:66,(anonymous_9)
FN:87,(anonymous_10)
FN:88,(anonymous_11)
FN:91,(anonymous_12)
FN:92,(anonymous_13)
FN:99,updateCartCount
FN:101,(anonymous_15)
FN:102,(anonymous_16)
FN:103,(anonymous_17)
FN:108,setCurrentUser
FN:112,addToCart
FN:122,updateQuantity
FN:125,(anonymous_21)
FN:141,removeFromCart
FN:146,openProductDetail
FN:158,(anonymous_24)
FN:168,(anonymous_25)
FN:173,closeProductDetail
FN:177,fetchComments
FN:183,renderComments
FN:191,(anonymous_29)
FN:212,submitComment
FN:227,checkAuth
FN:241,updateAuthUI
FN:263,login
FN:280,register
FN:297,logout
FN:304,updateProfileUI
FN:313,showSection
FN:314,(anonymous_38)
FN:315,(anonymous_39)
FN:318,(anonymous_40)
FN:330,(anonymous_41)
FN:331,(anonymous_42)
FN:332,(anonymous_43)
FN:339,(anonymous_44)
FN:344,(anonymous_45)
FN:349,(anonymous_46)
FN:356,(anonymous_47)
FN:363,(anonymous_48)
FN:368,(anonymous_49)
FN:373,(anonymous_50)
FN:379,(anonymous_51)
FN:385,(anonymous_52)
FN:391,(anonymous_53)
FN:397,(anonymous_54)
FN:408,(anonymous_55)
FN:421,(anonymous_56)
FN:440,(anonymous_57)
FN:447,(anonymous_58)
FN:465,(anonymous_59)
FNF:60
FNH:49
FNDA:10,fetchProducts
FNDA:5,fetchCart
FNDA:12,renderProducts
FNDA:7,(anonymous_3)
FNDA:7,(anonymous_4)
FNDA:0,(anonymous_5)
FNDA:7,(anonymous_6)
FNDA:0,(anonymous_7)
FNDA:8,renderCart
FNDA:3,(anonymous_9)
FNDA:4,(anonymous_10)
FNDA:0,(anonymous_11)
FNDA:2,(anonymous_12)
FNDA:0,(anonymous_13)
FNDA:8,updateCartCount
FNDA:8,(anonymous_15)
FNDA:8,(anonymous_16)
FNDA:2,(anonymous_17)
FNDA:4,setCurrentUser
FNDA:1,addToCart
FNDA:2,updateQuantity
FNDA:2,(anonymous_21)
FNDA:2,removeFromCart
FNDA:2,openProductDetail
FNDA:0,(anonymous_24)
FNDA:0,(anonymous_25)
FNDA:2,closeProductDetail
FNDA:4,fetchComments
FNDA:6,renderComments
FNDA:3,(anonymous_29)
FNDA:2,submitComment
FNDA:3,checkAuth
FNDA:10,updateAuthUI
FNDA:3,login
FNDA:3,register
FNDA:2,logout
FNDA:2,updateProfileUI
FNDA:12,showSection
FNDA:0,(anonymous_38)
FNDA:48,(anonymous_39)
FNDA:72,(anonymous_40)
FNDA:4,(anonymous_41)
FNDA:1,(anonymous_42)
FNDA:4,(anonymous_43)
FNDA:0,(anonymous_44)
FNDA:0,(anonymous_45)
FNDA:1,(anonymous_46)
FNDA:1,(anonymous_47)
FNDA:1,(anonymous_48)
FNDA:1,(anonymous_49)
FNDA:1,(anonymous_50)
FNDA:1,(anonymous_51)
FNDA:1,(anonymous_52)
FNDA:1,(anonymous_53)
FNDA:1,(anonymous_54)
FNDA:1,(anonymous_55)
FNDA:0,(anonymous_56)
FNDA:0,(anonymous_57)
FNDA:12,(anonymous_58)
FNDA:1,(anonymous_59)
DA:1,1
DA:3,1
DA:4,1
DA:5,1
DA:6,1
DA:9,10
DA:12,10
DA:13,10
DA:14,10
DA:18,5
DA:19,5
DA:20,5
DA:21,5
DA:25,12
DA:26,12
DA:27,12
DA:41,12
DA:42,7
DA:45,12
DA:46,7
DA:51,8
DA:52,8
DA:53,8
DA:55,8
DA:56,5
DA:57,5
DA:58,5
DA:59,5
DA:62,3
DA:63,3
DA:65,3
DA:66,3
DA:67,3
DA:68,2
DA:69,2
DA:70,2
DA:87,3
DA:88,4
DA:91,3
DA:92,2
DA:95,3
DA:96,3
DA:100,8
DA:101,8
DA:103,8
DA:104,8
DA:109,4
DA:113,1
DA:118,1
DA:119,1
DA:123,2
DA:124,2
DA:125,2
DA:126,2
DA:127,2
DA:128,2
DA:129,1
DA:131,1
DA:136,1
DA:142,2
DA:143,2
DA:147,2
DA:148,2
DA:149,2
DA:151,2
DA:152,2
DA:153,2
DA:154,2
DA:155,2
DA:156,2
DA:158,2
DA:159,0
DA:162,2
DA:164,2
DA:165,2
DA:167,2
DA:168,2
DA:169,0
DA:174,2
DA:178,4
DA:179,4
DA:180,4
DA:184,6
DA:185,6
DA:186,6
DA:188,6
DA:189,3
DA:191,3
DA:203,6
DA:204,5
DA:205,5
DA:207,1
DA:208,1
DA:213,2
DA:219,2
DA:220,1
DA:222,1
DA:223,1
DA:228,3
DA:229,3
DA:230,2
DA:231,1
DA:232,1
DA:234,1
DA:237,1
DA:242,10
DA:243,10
DA:244,10
DA:245,10
DA:246,10
DA:248,10
DA:249,5
DA:250,5
DA:251,5
DA:252,5
DA:253,5
DA:255,5
DA:256,5
DA:257,5
DA:258,5
DA:259,5
DA:264,3
DA:270,3
DA:271,1
DA:272,1
DA:273,1
DA:275,2
DA:276,2
DA:281,3
DA:287,3
DA:288,2
DA:289,2
DA:290,2
DA:292,1
DA:293,1
DA:298,2
DA:299,2
DA:300,2
DA:301,2
DA:305,2
DA:306,2
DA:307,2
DA:308,2
DA:309,2
DA:314,12
DA:315,48
DA:316,12
DA:318,12
DA:319,72
DA:320,72
DA:323,12
DA:325,12
DA:326,12
DA:327,12
DA:330,1
DA:331,4
DA:332,4
DA:333,1
DA:334,1
DA:335,1
DA:339,1
DA:340,0
DA:341,0
DA:344,1
DA:345,0
DA:346,0
DA:349,1
DA:350,1
DA:351,1
DA:352,1
DA:353,1
DA:356,1
DA:357,1
DA:358,1
DA:359,1
DA:360,1
DA:363,1
DA:364,1
DA:365,1
DA:368,1
DA:369,1
DA:370,1
DA:373,1
DA:374,1
DA:375,1
DA:376,1
DA:379,1
DA:380,1
DA:381,1
DA:382,1
DA:385,1
DA:386,1
DA:387,1
DA:388,1
DA:391,1
DA:392,1
DA:393,1
DA:394,1
DA:397,1
DA:398,1
DA:399,1
DA:400,1
DA:401,1
DA:402,1
DA:403,1
DA:404,1
DA:408,1
DA:409,1
DA:410,1
DA:411,1
DA:412,1
DA:413,1
DA:414,1
DA:415,1
DA:416,1
DA:417,0
DA:421,1
DA:422,0
DA:423,0
DA:424,0
DA:425,0
DA:430,0
DA:431,0
DA:432,0
DA:433,0
DA:434,0
DA:436,0
DA:440,1
DA:441,0
DA:442,0
DA:443,0
DA:444,0
DA:447,1
DA:448,12
DA:449,1
DA:452,12
DA:453,1
DA:456,12
DA:457,1
DA:458,1
DA:459,1
DA:460,1
DA:461,1
DA:465,1
DA:466,1
DA:467,1
DA:468,1
DA:475,1
DA:481,1
DA:483,1
DA:484,1
DA:485,1
DA:486,1
DA:488,0
DA:492,1
DA:493,0
DA:494,0
DA:495,0
DA:498,1
DA:499,1
LF:260
LH:235
BRDA:8,0,0,2
BRDA:9,1,0,5
BRDA:9,1,1,5
BRDA:25,2,0,0
BRDA:25,2,1,12
BRDA:55,3,0,5
BRDA:55,3,1,3
BRDA:67,4,0,1
BRDA:67,4,1,2
BRDA:88,5,0,0
BRDA:88,5,1,0
BRDA:126,6,0,2
BRDA:126,6,1,0
BRDA:128,7,0,1
BRDA:128,7,1,1
BRDA:155,8,0,2
BRDA:155,8,1,1
BRDA:169,9,0,0
BRDA:169,9,1,0
BRDA:188,10,0,3
BRDA:188,10,1,3
BRDA:203,11,0,5
BRDA:203,11,1,1
BRDA:219,12,0,1
BRDA:219,12,1,1
BRDA:230,13,0,1
BRDA:230,13,1,1
BRDA:248,14,0,5
BRDA:248,14,1,5
BRDA:270,15,0,1
BRDA:270,15,1,2
BRDA:287,16,0,2
BRDA:287,16,1,1
BRDA:305,17,0,2
BRDA:305,17,1,0
BRDA:308,18,0,2
BRDA:308,18,1,0
BRDA:320,19,0,2
BRDA:320,19,1,70
BRDA:325,20,0,5
BRDA:325,20,1,7
BRDA:326,21,0,1
BRDA:326,21,1,11
BRDA:327,22,0,1
BRDA:327,22,1,11
BRDA:403,23,0,1
BRDA:403,23,1,0
BRDA:416,24,0,0
BRDA:416,24,1,1
BRDA:431,25,0,0
BRDA:431,25,1,0
BRDA:448,26,0,1
BRDA:448,26,1,11
BRDA:452,27,0,1
BRDA:452,27,1,11
BRDA:456,28,0,1
BRDA:456,28,1,11
BRDA:483,29,0,1
BRDA:483,29,1,0
BRDA:488,30,0,0
BRDA:488,30,1,0
BRDA:492,31,0,0
BRDA:492,31,1,1
BRDA:492,32,0,1
BRDA:492,32,1,1
BRDA:498,33,0,1
BRDA:498,33,1,0
BRDA:498,34,0,1
BRDA:498,34,1,1
BRF:69
BRH:52
end_of_record
